<?xml version="1.0" encoding="utf-8"?>
<test-run id="2" name="Inheritance.Virtual.exe" fullname="C:/Users/Nik/Downloads/Inheritance.Geometry.csproj/bin/Debug/Inheritance.Virtual.exe" testcasecount="9" result="Failed" start-time="2020-05-23 19:07:14Z" end-time="2020-05-23 19:07:24Z" duration="10.126112" total="9" passed="8" failed="1" inconclusive="0" skipped="0" asserts="12" random-seed="793447138">
  <command-line><![CDATA["C:\Users\Nik\Downloads\Inheritance.Geometry.csproj\bin\Debug\Inheritance.Virtual.exe" ]]></command-line>
  <filter />
  <test-suite type="Assembly" id="1012" name="Inheritance.Virtual.exe" fullname="C:/Users/Nik/Downloads/Inheritance.Geometry.csproj/bin/Debug/Inheritance.Virtual.exe" runstate="Runnable" testcasecount="9" result="Failed" site="Child" start-time="2020-05-23 19:07:14Z" end-time="2020-05-23 19:07:24Z" duration="10.126112" total="9" passed="8" failed="1" warnings="0" inconclusive="0" skipped="0" asserts="12">
    <environment framework-version="3.6.0.0" clr-version="4.0.30319.42000" os-version="Microsoft Windows NT 6.2.9200.0" platform="Win32NT" cwd="C:\Users\Nik\Downloads\Inheritance.Geometry.csproj\bin\Debug" machine-name="DESKTOP-D9LB59L" user="Nik" user-domain="DESKTOP-D9LB59L" culture="ru-RU" uiculture="ru-RU" os-architecture="x86" />
    <settings>
      <setting name="WorkDirectory" value="C:\Users\Nik\Downloads\Inheritance.Geometry.csproj\bin\Debug" />
      <setting name="NumberOfTestWorkers" value="12" />
    </settings>
    <properties>
      <property name="_PID" value="25880" />
      <property name="_APPDOMAIN" value="Inheritance.Virtual.exe" />
    </properties>
    <failure>
      <message><![CDATA[One or more child tests had errors]]></message>
    </failure>
    <test-suite type="TestSuite" id="1013" name="Inheritance" fullname="Inheritance" runstate="Runnable" testcasecount="9" result="Failed" site="Child" start-time="2020-05-23 19:07:14Z" end-time="2020-05-23 19:07:24Z" duration="10.117246" total="9" passed="8" failed="1" warnings="0" inconclusive="0" skipped="0" asserts="12">
      <failure>
        <message><![CDATA[One or more child tests had errors]]></message>
      </failure>
      <test-suite type="TestSuite" id="1014" name="Geometry" fullname="Inheritance.Geometry" runstate="Runnable" testcasecount="9" result="Failed" site="Child" start-time="2020-05-23 19:07:14Z" end-time="2020-05-23 19:07:24Z" duration="10.113251" total="9" passed="8" failed="1" warnings="0" inconclusive="0" skipped="0" asserts="12">
        <failure>
          <message><![CDATA[One or more child tests had errors]]></message>
        </failure>
        <test-suite type="TestFixture" id="1000" name="Dimensions_should" fullname="Inheritance.Geometry.Dimensions_should" classname="Inheritance.Geometry.Dimensions_should" runstate="Runnable" testcasecount="3" result="Passed" start-time="2020-05-23 19:07:14Z" end-time="2020-05-23 19:07:14Z" duration="0.053408" total="3" passed="3" failed="0" warnings="0" inconclusive="0" skipped="0" asserts="6">
          <test-case id="1001" name="BeCorrectForBall" fullname="Inheritance.Geometry.Dimensions_should.BeCorrectForBall" methodname="BeCorrectForBall" classname="Inheritance.Geometry.Dimensions_should" runstate="Runnable" seed="892156988" result="Passed" start-time="2020-05-23 19:07:14Z" end-time="2020-05-23 19:07:14Z" duration="0.037913" asserts="2" />
          <test-case id="1002" name="BeCorrectForCube" fullname="Inheritance.Geometry.Dimensions_should.BeCorrectForCube" methodname="BeCorrectForCube" classname="Inheritance.Geometry.Dimensions_should" runstate="Runnable" seed="85649737" result="Passed" start-time="2020-05-23 19:07:14Z" end-time="2020-05-23 19:07:14Z" duration="0.000793" asserts="2" />
          <test-case id="1003" name="BeCorrectForCylinder" fullname="Inheritance.Geometry.Dimensions_should.BeCorrectForCylinder" methodname="BeCorrectForCylinder" classname="Inheritance.Geometry.Dimensions_should" runstate="Runnable" seed="1739116449" result="Passed" start-time="2020-05-23 19:07:14Z" end-time="2020-05-23 19:07:14Z" duration="0.000788" asserts="2" />
        </test-suite>
        <test-suite type="TestFixture" id="1004" name="SurfaceArea_should" fullname="Inheritance.Geometry.SurfaceArea_should" classname="Inheritance.Geometry.SurfaceArea_should" runstate="Runnable" testcasecount="3" result="Failed" site="Child" start-time="2020-05-23 19:07:14Z" end-time="2020-05-23 19:07:24Z" duration="10.036390" total="3" passed="2" failed="1" warnings="0" inconclusive="0" skipped="0" asserts="3">
          <failure>
            <message><![CDATA[One or more child tests had errors]]></message>
          </failure>
          <test-case id="1005" name="BeCorrectForBall" fullname="Inheritance.Geometry.SurfaceArea_should.BeCorrectForBall" methodname="BeCorrectForBall" classname="Inheritance.Geometry.SurfaceArea_should" runstate="Runnable" seed="180413623" result="Passed" start-time="2020-05-23 19:07:14Z" end-time="2020-05-23 19:07:14Z" duration="0.001795" asserts="1" />
          <test-case id="1006" name="BeCorrectForCube" fullname="Inheritance.Geometry.SurfaceArea_should.BeCorrectForCube" methodname="BeCorrectForCube" classname="Inheritance.Geometry.SurfaceArea_should" runstate="Runnable" seed="236260368" result="Passed" start-time="2020-05-23 19:07:14Z" end-time="2020-05-23 19:07:14Z" duration="0.000577" asserts="1" />
          <test-case id="1007" name="BeCorrectForCylinder" fullname="Inheritance.Geometry.SurfaceArea_should.BeCorrectForCylinder" methodname="BeCorrectForCylinder" classname="Inheritance.Geometry.SurfaceArea_should" runstate="Runnable" seed="1313321121" result="Failed" start-time="2020-05-23 19:07:14Z" end-time="2020-05-23 19:07:24Z" duration="10.023936" asserts="1">
            <failure>
              <message><![CDATA[  Expected: 62.831853071795862d +/- 9.9999999999999995E-08d
  But was:  37.699111843077517d
]]></message>
              <stack-trace><![CDATA[в Inheritance.Geometry.SurfaceArea_should.BeCorrectForCylinder() в C:\Users\Nik\Downloads\Inheritance.Geometry.csproj\SurfaceArea_should.cs:строка 27
]]></stack-trace>
            </failure>
            <assertions>
              <assertion result="Failed">
                <message><![CDATA[  Expected: 62.831853071795862d +/- 9.9999999999999995E-08d
  But was:  37.699111843077517d
]]></message>
                <stack-trace><![CDATA[в Inheritance.Geometry.SurfaceArea_should.BeCorrectForCylinder() в C:\Users\Nik\Downloads\Inheritance.Geometry.csproj\SurfaceArea_should.cs:строка 27
]]></stack-trace>
              </assertion>
            </assertions>
          </test-case>
        </test-suite>
        <test-suite type="TestFixture" id="1008" name="Volume_should" fullname="Inheritance.Geometry.Volume_should" classname="Inheritance.Geometry.Volume_should" runstate="Runnable" testcasecount="3" result="Passed" start-time="2020-05-23 19:07:24Z" end-time="2020-05-23 19:07:24Z" duration="0.011976" total="3" passed="3" failed="0" warnings="0" inconclusive="0" skipped="0" asserts="3">
          <test-case id="1009" name="BeCorrectForBall" fullname="Inheritance.Geometry.Volume_should.BeCorrectForBall" methodname="BeCorrectForBall" classname="Inheritance.Geometry.Volume_should" runstate="Runnable" seed="714022936" result="Passed" start-time="2020-05-23 19:07:24Z" end-time="2020-05-23 19:07:24Z" duration="0.000204" asserts="1" />
          <test-case id="1010" name="BeCorrectForCube" fullname="Inheritance.Geometry.Volume_should.BeCorrectForCube" methodname="BeCorrectForCube" classname="Inheritance.Geometry.Volume_should" runstate="Runnable" seed="1669132479" result="Passed" start-time="2020-05-23 19:07:24Z" end-time="2020-05-23 19:07:24Z" duration="0.000161" asserts="1" />
          <test-case id="1011" name="BeCorrectForCyllinder" fullname="Inheritance.Geometry.Volume_should.BeCorrectForCyllinder" methodname="BeCorrectForCyllinder" classname="Inheritance.Geometry.Volume_should" runstate="Runnable" seed="646064141" result="Passed" start-time="2020-05-23 19:07:24Z" end-time="2020-05-23 19:07:24Z" duration="0.000219" asserts="1" />
        </test-suite>
      </test-suite>
    </test-suite>
  </test-suite>
</test-run>