<?xml version="1.0" encoding="utf-8"?>
<test-run id="2" name="Incapsulation.Failures.exe" fullname="C:/Users/Nik/Downloads/Incapsulation.Failures.csproj/bin/Debug/Incapsulation.Failures.exe" testcasecount="3" result="Failed" start-time="2020-05-20 13:28:36Z" end-time="2020-05-20 13:29:07Z" duration="31.056384" total="3" passed="2" failed="1" inconclusive="0" skipped="0" asserts="3" random-seed="1887286412">
  <command-line><![CDATA["C:\Users\Nik\Downloads\Incapsulation.Failures.csproj\bin\Debug\Incapsulation.Failures.exe" ]]></command-line>
  <filter />
  <test-suite type="Assembly" id="1004" name="Incapsulation.Failures.exe" fullname="C:/Users/Nik/Downloads/Incapsulation.Failures.csproj/bin/Debug/Incapsulation.Failures.exe" runstate="Runnable" testcasecount="3" result="Failed" site="Child" start-time="2020-05-20 13:28:36Z" end-time="2020-05-20 13:29:07Z" duration="31.056384" total="3" passed="2" failed="1" warnings="0" inconclusive="0" skipped="0" asserts="3">
    <environment framework-version="3.6.0.0" clr-version="4.0.30319.42000" os-version="Microsoft Windows NT 6.2.9200.0" platform="Win32NT" cwd="C:\Users\Nik\Downloads\Incapsulation.Failures.csproj\bin\Debug" machine-name="DESKTOP-D9LB59L" user="Nik" user-domain="DESKTOP-D9LB59L" culture="ru-RU" uiculture="ru-RU" os-architecture="x86" />
    <settings>
      <setting name="WorkDirectory" value="C:\Users\Nik\Downloads\Incapsulation.Failures.csproj\bin\Debug" />
      <setting name="NumberOfTestWorkers" value="12" />
    </settings>
    <properties>
      <property name="_PID" value="9572" />
      <property name="_APPDOMAIN" value="Incapsulation.Failures.exe" />
    </properties>
    <failure>
      <message><![CDATA[One or more child tests had errors]]></message>
    </failure>
    <test-suite type="TestSuite" id="1005" name="Incapsulation" fullname="Incapsulation" runstate="Runnable" testcasecount="3" result="Failed" site="Child" start-time="2020-05-20 13:28:36Z" end-time="2020-05-20 13:29:07Z" duration="31.047630" total="3" passed="2" failed="1" warnings="0" inconclusive="0" skipped="0" asserts="3">
      <failure>
        <message><![CDATA[One or more child tests had errors]]></message>
      </failure>
      <test-suite type="TestSuite" id="1006" name="Failures" fullname="Incapsulation.Failures" runstate="Runnable" testcasecount="3" result="Failed" site="Child" start-time="2020-05-20 13:28:36Z" end-time="2020-05-20 13:29:07Z" duration="31.044070" total="3" passed="2" failed="1" warnings="0" inconclusive="0" skipped="0" asserts="3">
        <failure>
          <message><![CDATA[One or more child tests had errors]]></message>
        </failure>
        <test-suite type="TestFixture" id="1000" name="ReportMaker_Tests" fullname="Incapsulation.Failures.ReportMaker_Tests" classname="Incapsulation.Failures.ReportMaker_Tests" runstate="Runnable" testcasecount="3" result="Failed" site="Child" start-time="2020-05-20 13:28:36Z" end-time="2020-05-20 13:29:07Z" duration="31.040177" total="3" passed="2" failed="1" warnings="0" inconclusive="0" skipped="0" asserts="3">
          <failure>
            <message><![CDATA[One or more child tests had errors]]></message>
          </failure>
          <test-case id="1003" name="FilterManyDevices" fullname="Incapsulation.Failures.ReportMaker_Tests.FilterManyDevices" methodname="FilterManyDevices" classname="Incapsulation.Failures.ReportMaker_Tests" runstate="Runnable" seed="1865677586" result="Failed" start-time="2020-05-20 13:28:36Z" end-time="2020-05-20 13:28:39Z" duration="2.555948" asserts="1">
            <failure>
              <message><![CDATA[  Expected is <System.String[2]>, actual is <System.Collections.Generic.List`1[System.String]> with 2 elements
  Values differ at index [0]
  Expected string length 8 but was 1. Strings differ at index 0.
  Expected: "Device A"
  But was:  "0"
  -----------^
]]></message>
              <stack-trace><![CDATA[в NUnit.Framework.CollectionAssert.AreEqual(IEnumerable expected, IEnumerable actual)
в Incapsulation.Failures.ReportMaker_Tests.FilterManyDevices() в C:\Users\Nik\Downloads\Incapsulation.Failures.csproj\ReportMaker_Tests.cs:строка 108
]]></stack-trace>
            </failure>
            <assertions>
              <assertion result="Failed">
                <message><![CDATA[  Expected is <System.String[2]>, actual is <System.Collections.Generic.List`1[System.String]> with 2 elements
  Values differ at index [0]
  Expected string length 8 but was 1. Strings differ at index 0.
  Expected: "Device A"
  But was:  "0"
  -----------^
]]></message>
                <stack-trace><![CDATA[в NUnit.Framework.CollectionAssert.AreEqual(IEnumerable expected, IEnumerable actual)
в Incapsulation.Failures.ReportMaker_Tests.FilterManyDevices() в C:\Users\Nik\Downloads\Incapsulation.Failures.csproj\ReportMaker_Tests.cs:строка 108
]]></stack-trace>
              </assertion>
            </assertions>
          </test-case>
          <test-case id="1002" name="FilterSingleDevice" fullname="Incapsulation.Failures.ReportMaker_Tests.FilterSingleDevice" methodname="FilterSingleDevice" classname="Incapsulation.Failures.ReportMaker_Tests" runstate="Runnable" seed="1777134668" result="Passed" start-time="2020-05-20 13:28:39Z" end-time="2020-05-20 13:28:46Z" duration="7.679745" asserts="1" />
          <test-case id="1001" name="NoDevices" fullname="Incapsulation.Failures.ReportMaker_Tests.NoDevices" methodname="NoDevices" classname="Incapsulation.Failures.ReportMaker_Tests" runstate="Runnable" seed="483516145" result="Passed" start-time="2020-05-20 13:28:46Z" end-time="2020-05-20 13:29:07Z" duration="20.790439" asserts="1" />
        </test-suite>
      </test-suite>
    </test-suite>
  </test-suite>
</test-run>